<?xml version="1.0" encoding="UTF-8"?>
<testng-results skipped="0" failed="0" ignored="0" total="1" passed="1">
  <reporter-output>
  </reporter-output>
  <suite name="Default suite" duration-ms="117486" started-at="2020-07-30T03:34:42 EDT" finished-at="2020-07-30T03:36:39 EDT">
    <groups>
    </groups>
    <test name="Default test" duration-ms="117486" started-at="2020-07-30T03:34:42 EDT" finished-at="2020-07-30T03:36:39 EDT">
      <class name="com.qa.hotels.tests.HotelPage3Test">
        <test-method status="PASS" signature="setUp()[pri:0, instance:com.qa.hotels.tests.HotelPage3Test@614ddd49]" name="setUp" is-config="true" duration-ms="52791" started-at="2020-07-30T03:34:42 EDT" finished-at="2020-07-30T03:35:35 EDT">
          <reporter-output>
          </reporter-output>
        </test-method> <!-- setUp -->
        <test-method status="PASS" signature="selectStar4Test()[pri:1, instance:com.qa.hotels.tests.HotelPage3Test@614ddd49]" name="selectStar4Test" duration-ms="64345" started-at="2020-07-30T03:35:35 EDT" finished-at="2020-07-30T03:36:39 EDT">
          <reporter-output>
          </reporter-output>
        </test-method> <!-- selectStar4Test -->
        <test-method status="PASS" signature="tearDown()[pri:0, instance:com.qa.hotels.tests.HotelPage3Test@614ddd49]" name="tearDown" is-config="true" duration-ms="255" started-at="2020-07-30T03:36:39 EDT" finished-at="2020-07-30T03:36:39 EDT">
          <reporter-output>
          </reporter-output>
        </test-method> <!-- tearDown -->
      </class> <!-- com.qa.hotels.tests.HotelPage3Test -->
    </test> <!-- Default test -->
  </suite> <!-- Default suite -->
</testng-results>
